[33mΓ¥»[39m Building...
[32mΓ£ö[39m Building...
[1mInitial chunk files[22m  [2m | [22m[1mNames[22m             [2m | [22m [1mRaw size[22m[2m | [22m[1mEstimated transfer size[22m
[32mstyles-WZEIURM6.css[39m  [2m | [22m[2mstyles[22m            [2m | [22m[36m388.20 kB[39m[2m | [22m               [36m40.54 kB[39m
[32mchunk-IRQNQLMQ.js[39m    [2m | [22m[2m-[22m                 [2m | [22m[36m196.79 kB[39m[2m | [22m               [36m56.55 kB[39m
[32mchunk-EOF2XTOH.js[39m    [2m | [22m[2m-[22m                 [2m | [22m[36m157.66 kB[39m[2m | [22m               [36m36.46 kB[39m
[32mmain-26F7LVYD.js[39m     [2m | [22m[2mmain[22m              [2m | [22m [36m39.25 kB[39m[2m | [22m                [36m6.79 kB[39m
[32mpolyfills-FFHMD2TL.js[39m[2m | [22m[2mpolyfills[22m         [2m | [22m [36m34.52 kB[39m[2m | [22m               [36m11.28 kB[39m
[32mchunk-2JHCQHPY.js[39m    [2m | [22m[2m-[22m                 [2m | [22m[36m276 bytes[39m[2m | [22m              [36m276 bytes[39m

[1m [22m                    [2m | [22m[1mInitial total[22m     [2m | [22m[1m[93m816.69 kB[39m[22m[2m | [22m              [1m151.90 kB[22m

[1mLazy chunk files[22m     [2m | [22m[1mNames[22m             [2m | [22m [1mRaw size[22m[2m | [22m[1mEstimated transfer size[22m
[32mchunk-W3WTXNQJ.js[39m    [2m | [22m[2m-[22m                 [2m | [22m[36m393.39 kB[39m[2m | [22m               [36m66.93 kB[39m
[32mchunk-JSBRDJM7.js[39m    [2m | [22m[2mevent-module[22m      [2m | [22m[36m156.03 kB[39m[2m | [22m               [36m19.91 kB[39m
[32mchunk-OG2GUNI6.js[39m    [2m | [22m[2mmessaging-module[22m  [2m | [22m [36m89.49 kB[39m[2m | [22m               [36m24.77 kB[39m
[32mchunk-U5BG54HA.js[39m    [2m | [22m[2mbrowser[22m           [2m | [22m [36m63.60 kB[39m[2m | [22m               [36m16.84 kB[39m
[32mchunk-BSTHRFDY.js[39m    [2m | [22m[2mauth-module[22m       [2m | [22m [36m41.43 kB[39m[2m | [22m                [36m5.13 kB[39m
[32mchunk-HBQ35W4Q.js[39m    [2m | [22m[2muser-module[22m       [2m | [22m [36m33.36 kB[39m[2m | [22m                [36m6.83 kB[39m
[32mchunk-436ESPJY.js[39m    [2m | [22m[2mforum-module[22m      [2m | [22m [36m27.90 kB[39m[2m | [22m                [36m6.44 kB[39m
[32mchunk-SJCKS5W5.js[39m    [2m | [22m[2mmarketplace-module[22m[2m | [22m [36m19.50 kB[39m[2m | [22m                [36m5.00 kB[39m
[32mchunk-Z6GOURRU.js[39m    [2m | [22m[2mreputation-module[22m [2m | [22m [36m15.63 kB[39m[2m | [22m                [36m3.95 kB[39m
[32mchunk-QEURFV47.js[39m    [2m | [22m[2mnetwork-module[22m    [2m | [22m  [36m8.69 kB[39m[2m | [22m                [36m2.46 kB[39m
[32mchunk-Q64FFBLU.js[39m    [2m | [22m[2m-[22m                 [2m | [22m  [36m4.20 kB[39m[2m | [22m                [36m1.05 kB[39m
[32mchunk-7U3Q3T6V.js[39m    [2m | [22m[2m-[22m                 [2m | [22m[36m681 bytes[39m[2m | [22m              [36m681 bytes[39m

Application bundle generation failed. [6.391 seconds]

node.exe : 
[1m[33m[33mΓû▓ [43;3
3m[[43;30mWARNING[43;3
3m][0m [1mbundle 
initial exceeded 
maximum budget. Budget 
512.00 kB was not met 
by 304.69 kB with a 
total of 816.69 kB.[0m
At C:\Program 
Files\nodejs\npx.ps1:29 
char:3
+   & $NODE_EXE 
$NPX_CLI_JS $args
+   ~~~~~~~~~~~~~~~~~~~~
~~~~~~~~~
    + CategoryInfo      
        : NotSpecified  
  : ([1m[33m[33mΓ.   
 .. 816.69 kB.[0m:S    
tring) [], RemoteEx    
ception
    + FullyQualifiedErr 
   orId : NativeComman  
  dError
 


[33mΓû▓ [43;33m[[43;3
0mWARNING[43;33m][0m 
[1mangular:styles/compon
ent:css;5e2ce4272ed23e1f
60fb30ee29fbed0cf804255e
6ff1638b4c541f290d9cdb5b
;C:/Users/baoui/OneDrive
/Bureau/Community/projec
t-pi/PIcloud/src/app/mod
ules/community/forum/com
ponents/post-detail/post
-detail.component.ts 
exceeded maximum 
budget. Budget 2.05 kB 
was not met by 319 
bytes with a total of 
2.37 kB.[0m


[33mΓû▓ [43;33m[[43;3
0mWARNING[43;33m][0m 
[1mangular:styles/compon
ent:css;ba94ae4c69d4c474
8aa3590a5edd1bd4deea6d81
2567252a5240efd44a680091
;C:/Users/baoui/OneDrive
/Bureau/Community/projec
t-pi/PIcloud/src/app/mod
ules/community/reputatio
n/components/reputation-
card/reputation-card.com
ponent.ts exceeded 
maximum budget. Budget 
2.05 kB was not met by 
1.03 kB with a total of 
3.08 kB.[0m


[33mΓû▓ [43;33m[[43;3
0mWARNING[43;33m][0m 
[1mangular:styles/compon
ent:css;38e24659364921cc
b5d3a3978ecd1dd7c86e77a5
4f508626f3b66a27c08b0f64
;C:/Users/baoui/OneDrive
/Bureau/Community/projec
t-pi/PIcloud/src/app/mod
ules/community/reputatio
n/components/leaderboard
/leaderboard.component.t
s exceeded maximum 
budget. Budget 2.05 kB 
was not met by 386 
bytes with a total of 
2.43 kB.[0m


[33mΓû▓ [43;33m[[43;3
0mWARNING[43;33m][0m 
[1mangular:styles/compon
ent:css;670fe85e2b169466
74a83345020d6d2df1847d6e
5bbc7e77d59c7d26828da641
;C:/Users/baoui/OneDrive
/Bureau/Community/projec
t-pi/PIcloud/src/app/mod
ules/community/messaging
/components/chat-window/
chat-window.component.ts
 exceeded maximum 
budget. Budget 2.05 kB 
was not met by 1.04 kB 
with a total of 3.09 
kB.[0m


[33mΓû▓ [43;33m[[43;3
0mWARNING[43;33m][0m 
[1mcss-inline-fonts:http
s://fonts.googleapis.com
/css2?family=Inter:wght@
400;500;600&family=Brico
lage+Grotesque:wght@400;
600;700&display=swap 
exceeded maximum 
budget. Budget 2.05 kB 
was not met by 13.40 kB 
with a total of 15.45 
kB.[0m


[33mΓû▓ [43;33m[[43;3
0mWARNING[43;33m][0m 
[1mcss-inline-fonts:http
s://fonts.googleapis.com
/css2?family=Inter:wght@
400;500;600&display=swap
 exceeded maximum 
budget. Budget 2.05 kB 
was not met by 6.14 kB 
with a total of 8.19 
kB.[0m


[33mΓû▓ [43;33m[[43;3
0mWARNING[43;33m][0m 
[1mcss-inline-fonts:http
s://fonts.googleapis.com
/css2?family=Inter:wght@
400;500;600&family=Brico
lage+Grotesque:wght@600;
700&display=swap 
exceeded maximum 
budget. Budget 2.05 kB 
was not met by 12.80 kB 
with a total of 14.84 
kB.[0m


[33mΓû▓ [43;33m[[43;3
0mWARNING[43;33m][0m 
[1mcss-inline-fonts:http
s://fonts.googleapis.com
/css2?family=Inter:wght@
400;500;600&family=Brico
lage+Grotesque:wght@600;
700&display=swap 
exceeded maximum 
budget. Budget 2.05 kB 
was not met by 10.98 kB 
with a total of 13.03 
kB.[0m


[33mΓû▓ [43;33m[[43;3
0mWARNING[43;33m][0m 
[1mcss-inline-fonts:http
s://fonts.googleapis.com
/css2?family=Inter:wght@
400;500;600&family=Brico
lage+Grotesque:wght@600;
700&display=swap 
exceeded maximum 
budget. Budget 2.05 kB 
was not met by 11.39 kB 
with a total of 13.44 
kB.[0m


[33mΓû▓ [43;33m[[43;3
0mWARNING[43;33m][0m 
[1mcss-inline-fonts:http
s://fonts.googleapis.com
/css2?family=Inter:wght@
400;500;600&family=Brico
lage+Grotesque:wght@600;
700&display=swap 
exceeded maximum 
budget. Budget 2.05 kB 
was not met by 11.36 kB 
with a total of 13.41 
kB.[0m


[33mΓû▓ [43;33m[[43;3
0mWARNING[43;33m][0m 
[1mcss-inline-fonts:http
s://fonts.googleapis.com
/css2?family=Inter:wght@
400;500;600&family=Brico
lage+Grotesque:wght@600;
700&display=swap 
exceeded maximum 
budget. Budget 2.05 kB 
was not met by 9.97 kB 
with a total of 12.02 
kB.[0m


[33mΓû▓ [43;33m[[43;3
0mWARNING[43;33m][0m 
[1mcss-inline-fonts:http
s://fonts.googleapis.com
/css2?family=Inter:wght@
400;500;600&family=Brico
lage+Grotesque:wght@600;
700&display=swap 
exceeded maximum 
budget. Budget 2.05 kB 
was not met by 9.86 kB 
with a total of 11.91 
kB.[0m


[33mΓû▓ [43;33m[[43;3
0mWARNING[43;33m][0m 
[1mcss-inline-fonts:http
s://fonts.googleapis.com
/css2?family=Inter:wght@
400;500;600&family=Brico
lage+Grotesque:wght@600;
700&display=swap 
exceeded maximum 
budget. Budget 2.05 kB 
was not met by 14.95 kB 
with a total of 17.00 
kB.[0m


[33mΓû▓ [43;33m[[43;3
0mWARNING[43;33m][0m 
[1mcss-inline-fonts:http
s://fonts.googleapis.com
/css2?family=Inter:wght@
400;500;600&family=Brico
lage+Grotesque:wght@600;
700&display=swap 
exceeded maximum 
budget. Budget 2.05 kB 
was not met by 21.11 kB 
with a total of 23.16 
kB.[0m


[33mΓû▓ [43;33m[[43;3
0mWARNING[43;33m][0m 
[1mModule 
'@stomp/stompjs' used 
by 'src/app/modules/comm
unity/messaging/services
/chat.service.ts' is 
not ESM[0m

  CommonJS or AMD 
dependencies can cause 
optimization bailouts.
  For more information 
see: [4mhttps://angular
.dev/tools/cli/build#con
figuring-commonjs-depend
encies[0m


[33mΓû▓ [43;33m[[43;3
0mWARNING[43;33m][0m 
[1mModule 
'sockjs-client' used by 
'src/app/modules/communi
ty/messaging/services/ch
at.service.ts' is not 
ESM[0m

  CommonJS or AMD 
dependencies can cause 
optimization bailouts.
  For more information 
see: [4mhttps://angular
.dev/tools/cli/build#con
figuring-commonjs-depend
encies[0m


[33mΓû▓ [43;33m[[43;3
0mWARNING[43;33m][0m 
[1m1 rules skipped due 
to selector errors:
  .form-floating>~label 
-> Did not expect 
successive 
traversals.[0m

[39m[22m
[1m[31m[31mX [41;31m
[[41;97mERROR[41;31m]
[0m [1mcss-inline-fonts
:https://fonts.googleapi
s.com/css2?family=Inter:
wght@400;500;600&family=
Bricolage+Grotesque:wght
@400;600;700&display=swa
p exceeded maximum 
budget. Budget 4.10 kB 
was not met by 11.35 kB 
with a total of 15.45 
kB.[0m


[31mX [41;31m[[41;97m
ERROR[41;31m][0m [1mc
ss-inline-fonts:https://
fonts.googleapis.com/css
2?family=Inter:wght@400;
500;600&display=swap 
exceeded maximum 
budget. Budget 4.10 kB 
was not met by 4.09 kB 
with a total of 8.19 
kB.[0m


[31mX [41;31m[[41;97m
ERROR[41;31m][0m [1mc
ss-inline-fonts:https://
fonts.googleapis.com/css
2?family=Inter:wght@400;
500;600&family=Bricolage
+Grotesque:wght@600;700&
display=swap exceeded 
maximum budget. Budget 
4.10 kB was not met by 
10.75 kB with a total 
of 14.84 kB.[0m


[31mX [41;31m[[41;97m
ERROR[41;31m][0m [1mc
ss-inline-fonts:https://
fonts.googleapis.com/css
2?family=Inter:wght@400;
500;600&family=Bricolage
+Grotesque:wght@600;700&
display=swap exceeded 
maximum budget. Budget 
4.10 kB was not met by 
8.93 kB with a total of 
13.03 kB.[0m


[31mX [41;31m[[41;97m
ERROR[41;31m][0m [1mc
ss-inline-fonts:https://
fonts.googleapis.com/css
2?family=Inter:wght@400;
500;600&family=Bricolage
+Grotesque:wght@600;700&
display=swap exceeded 
maximum budget. Budget 
4.10 kB was not met by 
9.34 kB with a total of 
13.44 kB.[0m


[31mX [41;31m[[41;97m
ERROR[41;31m][0m [1mc
ss-inline-fonts:https://
fonts.googleapis.com/css
2?family=Inter:wght@400;
500;600&family=Bricolage
+Grotesque:wght@600;700&
display=swap exceeded 
maximum budget. Budget 
4.10 kB was not met by 
9.31 kB with a total of 
13.41 kB.[0m


[31mX [41;31m[[41;97m
ERROR[41;31m][0m [1mc
ss-inline-fonts:https://
fonts.googleapis.com/css
2?family=Inter:wght@400;
500;600&family=Bricolage
+Grotesque:wght@600;700&
display=swap exceeded 
maximum budget. Budget 
4.10 kB was not met by 
7.92 kB with a total of 
12.02 kB.[0m


[31mX [41;31m[[41;97m
ERROR[41;31m][0m [1mc
ss-inline-fonts:https://
fonts.googleapis.com/css
2?family=Inter:wght@400;
500;600&family=Bricolage
+Grotesque:wght@600;700&
display=swap exceeded 
maximum budget. Budget 
4.10 kB was not met by 
7.81 kB with a total of 
11.91 kB.[0m


[31mX [41;31m[[41;97m
ERROR[41;31m][0m [1mc
ss-inline-fonts:https://
fonts.googleapis.com/css
2?family=Inter:wght@400;
500;600&family=Bricolage
+Grotesque:wght@600;700&
display=swap exceeded 
maximum budget. Budget 
4.10 kB was not met by 
12.90 kB with a total 
of 17.00 kB.[0m


[31mX [41;31m[[41;97m
ERROR[41;31m][0m [1mc
ss-inline-fonts:https://
fonts.googleapis.com/css
2?family=Inter:wght@400;
500;600&family=Bricolage
+Grotesque:wght@600;700&
display=swap exceeded 
maximum budget. Budget 
4.10 kB was not met by 
19.06 kB with a total 
of 23.16 kB.[0m

[39m[22m
