[33mΓ¥»[39m Building...
[32mΓ£ö[39m Building...
Application bundle generation failed. [5.328 seconds]

node.exe : 
[1m[31m[31mX [41;31m
[[41;97mERROR[41;31m]
[0m [1mTS-996008: 
Component 
PostListComponent is 
standalone, and cannot 
be declared in an 
NgModule. Did you mean 
to import it 
instead?[0m 
[1m[35m[plugin 
angular-compiler][0m
At C:\Program 
Files\nodejs\npx.ps1:29 
char:3
+   & $NODE_EXE 
$NPX_CLI_JS $args
+   ~~~~~~~~~~~~~~~~~~~~
~~~~~~~~~
    + CategoryInfo      
        : NotSpecified  
  : ([1m[31m[31mX.   
 ..r-compiler][0m:S    
tring) [], RemoteEx    
ception
    + FullyQualifiedErr 
   orId : NativeComman  
  dError
 

    src/app/modules/comm
unity/forum/forum.module
.ts:13:4:
[37m      13 Γöé     [
32mPostListComponent[37
m,
         Γò╡     [32m~~
~~~~~~~~~~~~~~~[0m


[31mX [41;31m[[41;97m
ERROR[41;31m][0m 
[1mTS-996008: 
Component 
PostCardComponent is 
standalone, and cannot 
be declared in an 
NgModule. Did you mean 
to import it 
instead?[0m 
[1m[35m[plugin 
angular-compiler][0m

    src/app/modules/comm
unity/forum/forum.module
.ts:14:4:
[37m      14 Γöé     [
32mPostCardComponent[37
m,
         Γò╡     [32m~~
~~~~~~~~~~~~~~~[0m


[31mX [41;31m[[41;97m
ERROR[41;31m][0m 
[1mTS-996008: 
Component 
PostCreateComponent is 
standalone, and cannot 
be declared in an 
NgModule. Did you mean 
to import it 
instead?[0m 
[1m[35m[plugin 
angular-compiler][0m

    src/app/modules/comm
unity/forum/forum.module
.ts:15:4:
[37m      15 Γöé     [
32mPostCreateComponent[
37m,
         Γò╡     [32m~~
~~~~~~~~~~~~~~~~~[0m


[31mX [41;31m[[41;97m
ERROR[41;31m][0m 
[1mTS-996008: 
Component 
PostDetailComponent is 
standalone, and cannot 
be declared in an 
NgModule. Did you mean 
to import it 
instead?[0m 
[1m[35m[plugin 
angular-compiler][0m

    src/app/modules/comm
unity/forum/forum.module
.ts:16:4:
[37m      16 Γöé     [
32mPostDetailComponent[
37m,
         Γò╡     [32m~~
~~~~~~~~~~~~~~~~~[0m


[31mX [41;31m[[41;97m
ERROR[41;31m][0m 
[1mTS-996008: 
Component 
GroupListComponent is 
standalone, and cannot 
be declared in an 
NgModule. Did you mean 
to import it 
instead?[0m 
[1m[35m[plugin 
angular-compiler][0m

    src/app/modules/comm
unity/forum/forum.module
.ts:17:4:
[37m      17 Γöé     [
32mGroupListComponent[3
7m
         Γò╡     [32m~~
~~~~~~~~~~~~~~~~[0m


[31mX [41;31m[[41;97m
ERROR[41;31m][0m 
[1mNG5002: Unexpected 
closing tag "div". It 
may happen when the tag 
has already been closed 
by another tag. For 
more info see https://ww
w.w3.org/TR/html5/syntax
.html#closing-elements-t
hat-have-implied-end-tag
s[0m [1m[35m[plugin 
angular-compiler][0m

    src/app/modules/comm
unity/reputation/compone
nts/leaderboard/leaderbo
ard.component.ts:15:6:
[37m      15 Γöé       
[32m</div>[37m
         Γò╡       
[32m~~~~~~[0m


[31mX [41;31m[[41;97m
ERROR[41;31m][0m 
[1mNG5002: Unexpected 
closing tag "div". It 
may happen when the tag 
has already been closed 
by another tag. For 
more info see https://ww
w.w3.org/TR/html5/syntax
.html#closing-elements-t
hat-have-implied-end-tag
s[0m [1m[35m[plugin 
angular-compiler][0m

    src/app/modules/comm
unity/reputation/compone
nts/leaderboard/leaderbo
ard.component.ts:51:4:
[37m      51 Γöé     
[32m</div>[37m
         Γò╡     
[32m~~~~~~[0m

[39m[22m
